<?xml version="1.0" encoding="UTF-8"?>
<!-- Generated by org.testng.reporters.JUnitXMLReporter -->
<testsuite ignored="7" hostname="2359s-MacBook-Pro.local" failures="0" tests="0" time="0.0" errors="0" timestamp="11 Aug 2020 09:56:24 GMT">
  <testcase classname="com.media2359.tests.b_CalendarView" name="B_005_deleteLogHoursBlockUponLogging" time="0.0">
    <ignored/>
  </testcase> <!-- B_005_deleteLogHoursBlockUponLogging -->
  <testcase classname="com.media2359.tests.b_CalendarView" name="B_001_viewDutyHoursCalendar" time="0.0">
    <ignored/>
  </testcase> <!-- B_001_viewDutyHoursCalendar -->
  <testcase classname="com.media2359.tests.b_CalendarView" name="B_004_cancelLoggingHoursUponLogging" time="0.0">
    <ignored/>
  </testcase> <!-- B_004_cancelLoggingHoursUponLogging -->
  <testcase classname="com.media2359.tests.b_CalendarView" name="B_006_viewLogDetail" time="0.0">
    <ignored/>
  </testcase> <!-- B_006_viewLogDetail -->
  <testcase classname="com.media2359.tests.b_CalendarView" name="B_002_addNewLogBybutton" time="0.0">
    <ignored/>
  </testcase> <!-- B_002_addNewLogBybutton -->
  <testcase classname="com.media2359.tests.b_CalendarView" name="B_007_viewViolationsFromCalendarViewScreen" time="0.0">
    <ignored/>
  </testcase> <!-- B_007_viewViolationsFromCalendarViewScreen -->
  <testcase classname="com.media2359.tests.b_CalendarView" name="B_003_addNewLogByDragging" time="0.0">
    <ignored/>
  </testcase> <!-- B_003_addNewLogByDragging -->
</testsuite>
