<?xml version="1.0" encoding="UTF-8"?>
<!-- Generated by org.testng.reporters.JUnitXMLReporter -->
<testsuite hostname="2359s-MacBook-Pro.local" ignored="4" name="Duty Hour" tests="2" failures="1" timestamp="15 Jul 2019 06:16:37 GMT" time="209.05" errors="0">
  <testcase name="B_001_ViewDutyHours" time="119.744" classname="com.media2359.tests.b_DutyHour"/>
  <testcase name="B_006_weeklyNavigation" time="21.189" classname="com.media2359.tests.b_DutyHour">
    <failure type="java.lang.AssertionError" message="Expected condition failed: waiting for visibility of [[io.appium.java_client.ios.IOSDriver, Capabilities: {app=/Users/2359id/developments/office/NHG-iOS-Automation/file/1562130953_NHG_Staging.ipa, automationName=XCUITest, browserName=, clearSystemFiles=true, databaseEnabled=false, deviceName=iPhone6, javascriptEnabled=true, locationContextEnabled=false, networkConnectionEnabled=false, platform=MAC, platformName=iOS, platformVersion=12.0, shouldUseSingletonTestManager=false, showXcodeLog=true, takesScreenshot=true, udid=4e3d24d48c64488d55deefcc0623e3a21ca5a994, useNewWDA=false, waitForQuiescence=true, wdaLocalPort=8100, wdaStartupRetryInterval=1000, webStorageEnabled=false, xcodeOrgId=92C5QT57M9, xcodeSigningId=iPhone Developer}] -&amp;gt; xpath: //XCUIElementTypeCell//XCUIElementTypeOther//XCUIElementTypeStaticText] (tried for 10 second(s) with 500 milliseconds interval)
Build info: version: &amp;apos;3.141.59&amp;apos;, revision: &amp;apos;e82be7d358&amp;apos;, time: &amp;apos;2018-11-14T08:17:03&amp;apos;
System info: host: &amp;apos;2359s-MacBook-Pro.local&amp;apos;, ip: &amp;apos;fe80:0:0:0:47d:552b:8a2a:a78c%en0&amp;apos;, os.name: &amp;apos;Mac OS X&amp;apos;, os.arch: &amp;apos;x86_64&amp;apos;, os.version: &amp;apos;10.14.4&amp;apos;, java.version: &amp;apos;1.8.0_202&amp;apos;
Driver info: io.appium.java_client.ios.IOSDriver
Capabilities {app: /Users/2359id/developments/..., automationName: XCUITest, browserName: , clearSystemFiles: true, databaseEnabled: false, deviceName: iPhone6, javascriptEnabled: true, locationContextEnabled: false, networkConnectionEnabled: false, platform: MAC, platformName: iOS, platformVersion: 12.0, shouldUseSingletonTestManager: false, showXcodeLog: true, takesScreenshot: true, udid: 4e3d24d48c64488d55deefcc062..., useNewWDA: false, waitForQuiescence: true, wdaLocalPort: 8100, wdaStartupRetryInterval: 1000, webStorageEnabled: false, xcodeOrgId: 92C5QT57M9, xcodeSigningId: iPhone Developer}
Session ID: 36086667-b226-49c9-a6d1-d9bb550dfb83">
      <![CDATA[java.lang.AssertionError: Expected condition failed: waiting for visibility of [[io.appium.java_client.ios.IOSDriver, Capabilities: {app=/Users/2359id/developments/office/NHG-iOS-Automation/file/1562130953_NHG_Staging.ipa, automationName=XCUITest, browserName=, clearSystemFiles=true, databaseEnabled=false, deviceName=iPhone6, javascriptEnabled=true, locationContextEnabled=false, networkConnectionEnabled=false, platform=MAC, platformName=iOS, platformVersion=12.0, shouldUseSingletonTestManager=false, showXcodeLog=true, takesScreenshot=true, udid=4e3d24d48c64488d55deefcc0623e3a21ca5a994, useNewWDA=false, waitForQuiescence=true, wdaLocalPort=8100, wdaStartupRetryInterval=1000, webStorageEnabled=false, xcodeOrgId=92C5QT57M9, xcodeSigningId=iPhone Developer}] -> xpath: //XCUIElementTypeCell//XCUIElementTypeOther//XCUIElementTypeStaticText] (tried for 10 second(s) with 500 milliseconds interval)
Build info: version: '3.141.59', revision: 'e82be7d358', time: '2018-11-14T08:17:03'
System info: host: '2359s-MacBook-Pro.local', ip: 'fe80:0:0:0:47d:552b:8a2a:a78c%en0', os.name: 'Mac OS X', os.arch: 'x86_64', os.version: '10.14.4', java.version: '1.8.0_202'
Driver info: io.appium.java_client.ios.IOSDriver
Capabilities {app: /Users/2359id/developments/..., automationName: XCUITest, browserName: , clearSystemFiles: true, databaseEnabled: false, deviceName: iPhone6, javascriptEnabled: true, locationContextEnabled: false, networkConnectionEnabled: false, platform: MAC, platformName: iOS, platformVersion: 12.0, shouldUseSingletonTestManager: false, showXcodeLog: true, takesScreenshot: true, udid: 4e3d24d48c64488d55deefcc062..., useNewWDA: false, waitForQuiescence: true, wdaLocalPort: 8100, wdaStartupRetryInterval: 1000, webStorageEnabled: false, xcodeOrgId: 92C5QT57M9, xcodeSigningId: iPhone Developer}
Session ID: 36086667-b226-49c9-a6d1-d9bb550dfb83
at com.media2359.tests.b_DutyHour.B_006_weeklyNavigation(b_DutyHour.java:181)
at com.media2359.App.main(App.java:40)
... Removed 23 stack frames]]>
    </failure>
  </testcase> <!-- B_006_weeklyNavigation -->
  <testcase name="B_003_LogHrBySelectAssignment" time="0.0" classname="com.media2359.tests.b_DutyHour">
    <ignored/>
  </testcase> <!-- B_003_LogHrBySelectAssignment -->
  <testcase name="B_002_LogHrByDrag" time="0.0" classname="com.media2359.tests.b_DutyHour">
    <ignored/>
  </testcase> <!-- B_002_LogHrByDrag -->
  <testcase name="B_005_DeleteLogHr" time="0.0" classname="com.media2359.tests.b_DutyHour">
    <ignored/>
  </testcase> <!-- B_005_DeleteLogHr -->
  <testcase name="B_004_CancelLogHr" time="0.0" classname="com.media2359.tests.b_DutyHour">
    <ignored/>
  </testcase> <!-- B_004_CancelLogHr -->
</testsuite> <!-- Duty Hour -->
