<?xml version="1.0" encoding="UTF-8"?>
<!-- Generated by org.testng.reporters.JUnitXMLReporter -->
<testsuite ignored="8" hostname="2359s-MacBook-Pro.local" failures="0" tests="0" time="0.001" errors="0" timestamp="11 Aug 2020 09:56:24 GMT">
  <testcase classname="com.media2359.tests.c_ListView" name="C_004_filterByDate" time="0.0">
    <ignored/>
  </testcase> <!-- C_004_filterByDate -->
  <testcase classname="com.media2359.tests.c_ListView" name="C_008_viewViolationsFromListViewScreen" time="0.0">
    <ignored/>
  </testcase> <!-- C_008_viewViolationsFromListViewScreen -->
  <testcase classname="com.media2359.tests.c_ListView" name="C_005_filterByAssignment" time="0.0">
    <ignored/>
  </testcase> <!-- C_005_filterByAssignment -->
  <testcase classname="com.media2359.tests.c_ListView" name="C_003_viewFilter" time="0.0">
    <ignored/>
  </testcase> <!-- C_003_viewFilter -->
  <testcase classname="com.media2359.tests.c_ListView" name="C_002_addNewLogBybutton" time="0.0">
    <ignored/>
  </testcase> <!-- C_002_addNewLogBybutton -->
  <testcase classname="com.media2359.tests.c_ListView" name="C_001_viewDutyHoursList" time="0.0">
    <ignored/>
  </testcase> <!-- C_001_viewDutyHoursList -->
  <testcase classname="com.media2359.tests.c_ListView" name="C_006_viewLogDetail" time="0.0">
    <ignored/>
  </testcase> <!-- C_006_viewLogDetail -->
  <testcase classname="com.media2359.tests.c_ListView" name="C_007_viewCommentsFromListViewScreen" time="0.0">
    <ignored/>
  </testcase> <!-- C_007_viewCommentsFromListViewScreen -->
</testsuite>
