<?xml version="1.0" encoding="UTF-8"?>
<!-- Generated by org.testng.reporters.JUnitXMLReporter -->
<testsuite ignored="8" hostname="2359s-MacBook-Pro.local" failures="0" tests="0" time="0.0" errors="0" timestamp="11 Aug 2020 09:56:24 GMT">
  <testcase classname="com.media2359.tests.d_LogDetail" name="D_003_viewComments" time="0.0">
    <ignored/>
  </testcase> <!-- D_003_viewComments -->
  <testcase classname="com.media2359.tests.d_LogDetail" name="D_004_sendComment" time="0.0">
    <ignored/>
  </testcase> <!-- D_004_sendComment -->
  <testcase classname="com.media2359.tests.d_LogDetail" name="D_006_viewViolationsFromListViewScreen" time="0.0">
    <ignored/>
  </testcase> <!-- D_006_viewViolationsFromListViewScreen -->
  <testcase classname="com.media2359.tests.d_LogDetail" name="D_007_selectViolationsCause" time="0.0">
    <ignored/>
  </testcase> <!-- D_007_selectViolationsCause -->
  <testcase classname="com.media2359.tests.d_LogDetail" name="D_002_deleteLog" time="0.0">
    <ignored/>
  </testcase> <!-- D_002_deleteLog -->
  <testcase classname="com.media2359.tests.d_LogDetail" name="D_001_editLog" time="0.0">
    <ignored/>
  </testcase> <!-- D_001_editLog -->
  <testcase classname="com.media2359.tests.d_LogDetail" name="D_005_viewViolations" time="0.0">
    <ignored/>
  </testcase> <!-- D_005_viewViolations -->
  <testcase classname="com.media2359.tests.d_LogDetail" name="D_008_changeViolationsCause" time="0.0">
    <ignored/>
  </testcase> <!-- D_008_changeViolationsCause -->
</testsuite>
