<?xml version="1.0" encoding="UTF-8"?>
<!-- Generated by org.testng.reporters.JUnitXMLReporter -->
<testsuite ignored="2" hostname="2359s-MacBook-Pro.local" failures="0" tests="0" time="0.001" errors="0" timestamp="11 Aug 2020 09:56:24 GMT">
  <testcase classname="com.media2359.tests.e_Violations" name="E_002_filterViolationsDateRange" time="0.0">
    <ignored/>
  </testcase> <!-- E_002_filterViolationsDateRange -->
  <testcase classname="com.media2359.tests.e_Violations" name="E_001_goToViolations" time="0.0">
    <ignored/>
  </testcase> <!-- E_001_goToViolations -->
</testsuite>
